<?xml version="1.0" encoding="UTF-8"?>
<coverage generated="1623818309682" clover="3.2.0">
  <project timestamp="1623818309682" name="All files">
    <metrics statements="6" coveredstatements="2" conditionals="2" coveredconditionals="0" methods="3" coveredmethods="1" elements="11" coveredelements="3" complexity="0" loc="6" ncloc="6" packages="1" files="1" classes="1"/>
    <file name="helpers.js" path="C:\Users\nell-\Documents\CodeProjects\MODULE13\exercise13justtechnews\justteknews\utils\helpers.js">
      <metrics statements="6" coveredstatements="2" conditionals="2" coveredconditionals="0" methods="3" coveredmethods="1"/>
      <line num="1" count="1" type="stmt"/>
      <line num="3" count="1" type="stmt"/>
      <line num="8" count="0" type="stmt"/>
      <line num="16" count="0" type="cond" truecount="0" falsecount="2"/>
      <line num="17" count="0" type="stmt"/>
      <line num="20" count="0" type="stmt"/>
    </file>
  </project>
</coverage>
